{"/home/yago/js-curso/jest/dip/classes/product.ts": {"path":"/home/yago/js-curso/jest/dip/classes/product.ts","statementMap":{"0":{"start":{"line":4,"column":21},"end":{"line":4,"column":33}},"1":{"start":{"line":4,"column":42},"end":{"line":4,"column":55}},"2":{"start":{"line":3,"column":0},"end":{"line":3,"column":13}}},"fnMap":{"0":{"name":"(anonymous_0)","decl":{"start":{"line":4,"column":2},"end":{"line":4,"column":21}},"loc":{"start":{"line":4,"column":55},"end":{"line":4,"column":59}}}},"branchMap":{},"s":{"0":1,"1":1,"2":1},"f":{"0":1},"b":{}}
,"/home/yago/js-curso/jest/dip/classes/shopping-cart-solid.ts": {"path":"/home/yago/js-curso/jest/dip/classes/shopping-cart-solid.ts","statementMap":{"0":{"start":{"line":6,"column":40},"end":{"line":6,"column":42}},"1":{"start":{"line":8,"column":31},"end":{"line":8,"column":49}},"2":{"start":{"line":11,"column":4},"end":{"line":11,"column":27}},"3":{"start":{"line":15,"column":4},"end":{"line":15,"column":33}},"4":{"start":{"line":19,"column":4},"end":{"line":19,"column":23}},"5":{"start":{"line":23,"column":4},"end":{"line":23,"column":78}},"6":{"start":{"line":23,"column":46},"end":{"line":23,"column":62}},"7":{"start":{"line":27,"column":4},"end":{"line":27,"column":49}},"8":{"start":{"line":31,"column":4},"end":{"line":31,"column":36}},"9":{"start":{"line":35,"column":4},"end":{"line":35,"column":77}},"10":{"start":{"line":36,"column":4},"end":{"line":36,"column":27}},"11":{"start":{"line":5,"column":0},"end":{"line":5,"column":13}}},"fnMap":{"0":{"name":"(anonymous_0)","decl":{"start":{"line":8,"column":2},"end":{"line":8,"column":31}},"loc":{"start":{"line":8,"column":49},"end":{"line":8,"column":53}}},"1":{"name":"(anonymous_1)","decl":{"start":{"line":10,"column":2},"end":{"line":10,"column":9}},"loc":{"start":{"line":10,"column":24},"end":{"line":12,"column":3}}},"2":{"name":"(anonymous_2)","decl":{"start":{"line":14,"column":2},"end":{"line":14,"column":12}},"loc":{"start":{"line":14,"column":26},"end":{"line":16,"column":3}}},"3":{"name":"(anonymous_3)","decl":{"start":{"line":18,"column":2},"end":{"line":18,"column":6}},"loc":{"start":{"line":18,"column":11},"end":{"line":20,"column":3}}},"4":{"name":"(anonymous_4)","decl":{"start":{"line":22,"column":2},"end":{"line":22,"column":7}},"loc":{"start":{"line":22,"column":7},"end":{"line":24,"column":3}}},"5":{"name":"(anonymous_5)","decl":{"start":{"line":23,"column":31},"end":{"line":23,"column":32}},"loc":{"start":{"line":23,"column":46},"end":{"line":23,"column":62}}},"6":{"name":"(anonymous_6)","decl":{"start":{"line":26,"column":2},"end":{"line":26,"column":19}},"loc":{"start":{"line":26,"column":19},"end":{"line":28,"column":3}}},"7":{"name":"(anonymous_7)","decl":{"start":{"line":30,"column":2},"end":{"line":30,"column":9}},"loc":{"start":{"line":30,"column":9},"end":{"line":32,"column":3}}},"8":{"name":"(anonymous_8)","decl":{"start":{"line":34,"column":2},"end":{"line":34,"column":7}},"loc":{"start":{"line":34,"column":7},"end":{"line":37,"column":3}}}},"branchMap":{},"s":{"0":6,"1":6,"2":9,"3":1,"4":6,"5":3,"6":6,"7":1,"8":3,"9":1,"10":1,"11":1},"f":{"0":6,"1":9,"2":1,"3":6,"4":3,"5":6,"6":1,"7":3,"8":1},"b":{}}
,"/home/yago/js-curso/jest/dip/classes/interfaces/discount.ts": {"path":"/home/yago/js-curso/jest/dip/classes/interfaces/discount.ts","statementMap":{"0":{"start":{"line":2,"column":31},"end":{"line":2,"column":32}},"1":{"start":{"line":4,"column":4},"end":{"line":4,"column":49}},"2":{"start":{"line":1,"column":0},"end":{"line":1,"column":22}},"3":{"start":{"line":11,"column":32},"end":{"line":11,"column":34}},"4":{"start":{"line":10,"column":0},"end":{"line":10,"column":13}},"5":{"start":{"line":15,"column":32},"end":{"line":15,"column":34}},"6":{"start":{"line":14,"column":0},"end":{"line":14,"column":13}},"7":{"start":{"line":19,"column":32},"end":{"line":19,"column":33}},"8":{"start":{"line":18,"column":0},"end":{"line":18,"column":13}}},"fnMap":{"0":{"name":"(anonymous_0)","decl":{"start":{"line":3,"column":2},"end":{"line":3,"column":11}},"loc":{"start":{"line":3,"column":25},"end":{"line":5,"column":3}}}},"branchMap":{},"s":{"0":9,"1":4,"2":2,"3":1,"4":2,"5":1,"6":2,"7":7,"8":2},"f":{"0":4},"b":{}}
,"/home/yago/js-curso/jest/dip/services/messaging.ts": {"path":"/home/yago/js-curso/jest/dip/services/messaging.ts","statementMap":{"0":{"start":{"line":3,"column":4},"end":{"line":3,"column":42}},"1":{"start":{"line":1,"column":0},"end":{"line":1,"column":13}}},"fnMap":{"0":{"name":"(anonymous_0)","decl":{"start":{"line":2,"column":2},"end":{"line":2,"column":13}},"loc":{"start":{"line":2,"column":25},"end":{"line":4,"column":3}}}},"branchMap":{},"s":{"0":3,"1":1},"f":{"0":3},"b":{}}
,"/home/yago/js-curso/jest/dip/services/persistency.ts": {"path":"/home/yago/js-curso/jest/dip/services/persistency.ts","statementMap":{"0":{"start":{"line":3,"column":4},"end":{"line":3,"column":44}},"1":{"start":{"line":1,"column":0},"end":{"line":1,"column":13}}},"fnMap":{"0":{"name":"(anonymous_0)","decl":{"start":{"line":2,"column":2},"end":{"line":2,"column":11}},"loc":{"start":{"line":2,"column":11},"end":{"line":4,"column":3}}}},"branchMap":{},"s":{"0":3,"1":1},"f":{"0":3},"b":{}}
}
